<?xml version="1.0" encoding="UTF-8"?>
<testsuite xmlns:xsi="http://www.w3.org/2001/XMLSchema-instance" xsi:noNamespaceSchemaLocation="https://maven.apache.org/surefire/maven-surefire-plugin/xsd/surefire-test-report.xsd" name="br.com.restassuredapitesting.runners.AllTests" time="48.848" tests="26" errors="0" skipped="0" failures="2">
  <properties>
[...]
</properties>
  <testcase name="validaRetornoDeTokenParaUsuario" classname="br.com.restassuredapitesting.tests.auth.tests.PostAuthTest" time="6.715"/>
  <testcase name="validaApiOnline" classname="br.com.restassuredapitesting.tests.ping.tests.GetPingTest" time="0.975"/>
  <testcase name="validaListagemDeReservaPeloNomeCheckinCheckout" classname="br.com.restassuredapitesting.tests.booking.tests.GetBookingTest" time="3.007">
    <failure message="1 expectation failed.&#10;JSON path bookingid doesn&apos;t match.&#10;Expected: a collection containing &lt;17&gt;&#10;  Actual: []&#10;" type="java.lang.AssertionError"><![CDATA[java.lang.AssertionError: 
1 expectation failed.
JSON path bookingid doesn't match.
Expected: a collection containing <17>
  Actual: []

	at br.com.restassuredapitesting.tests.booking.tests.GetBookingTest.validaListagemDeReservaPeloNomeCheckinCheckout(GetBookingTest.java:184)
]]></failure>
    <system-out><![CDATA[Request method:	GET
Request URI:	https://treinamento-api.herokuapp.com/booking?name=Milly%20Graham&checkin=2018-01-01&checkout=2019-01-01&=
Proxy:			<none>
Request params:	name=Milly Graham
				checkin=2018-01-01
				checkout=2019-01-01
				=
Query params:	<none>
Form params:	<none>
Path params:	<none>
Headers:		Accept=*/*
				Content-Type=application/json; charset=UTF-8
Cookies:		<none>
Multiparts:		<none>
Body:			<none>
]]></system-out>
  </testcase>
  <testcase name="validaListagemDeReservaPeloLastname" classname="br.com.restassuredapitesting.tests.booking.tests.GetBookingTest" time="1.67"/>
  <testcase name="validaListagemDeReservaPeloFirstname" classname="br.com.restassuredapitesting.tests.booking.tests.GetBookingTest" time="1.691"/>
  <testcase name="validaListagemDeIdsDasReservas" classname="br.com.restassuredapitesting.tests.booking.tests.GetBookingTest" time="0.799"/>
  <testcase name="validaSchemaDeUmaReservaEspecifica" classname="br.com.restassuredapitesting.tests.booking.tests.GetBookingTest" time="2.864"/>
  <testcase name="validaListagemDeReservaPeloCheckin" classname="br.com.restassuredapitesting.tests.booking.tests.GetBookingTest" time="1.692">
    <failure message="1 expectation failed.&#10;JSON path bookingid doesn&apos;t match.&#10;Expected: a collection containing &lt;20&gt;&#10;  Actual: [6, 7, 8, 10, 3]&#10;" type="java.lang.AssertionError"><![CDATA[java.lang.AssertionError: 
1 expectation failed.
JSON path bookingid doesn't match.
Expected: a collection containing <20>
  Actual: [6, 7, 8, 10, 3]

	at br.com.restassuredapitesting.tests.booking.tests.GetBookingTest.validaListagemDeReservaPeloCheckin(GetBookingTest.java:118)
]]></failure>
    <system-out><![CDATA[Request method:	GET
Request URI:	https://treinamento-api.herokuapp.com/booking?checkin=2018-01-01&=
Proxy:			<none>
Request params:	checkin=2018-01-01
				=
Query params:	<none>
Form params:	<none>
Path params:	<none>
Headers:		Accept=*/*
				Content-Type=application/json; charset=UTF-8
Cookies:		<none>
Multiparts:		<none>
Body:			<none>
]]></system-out>
  </testcase>
  <testcase name="validaErroFiltro" classname="br.com.restassuredapitesting.tests.booking.tests.GetBookingTest" time="0.8"/>
  <testcase name="validaListagemDeReservaPeloCheckoutCheckout" classname="br.com.restassuredapitesting.tests.booking.tests.GetBookingTest" time="1.686"/>
  <testcase name="validaListagemDeReservaPeloCheckout" classname="br.com.restassuredapitesting.tests.booking.tests.GetBookingTest" time="1.634"/>
  <testcase name="validaSchemaDaListagemDeReservas" classname="br.com.restassuredapitesting.tests.booking.tests.GetBookingTest" time="0.795"/>
  <testcase name="validaListagemDeReservaEspecifica" classname="br.com.restassuredapitesting.tests.booking.tests.GetBookingTest" time="1.581"/>
  <testcase name="criaNovaReserva" classname="br.com.restassuredapitesting.tests.booking.tests.PostBookingTest" time="0.801"/>
  <testcase name="criaReservaInvalida" classname="br.com.restassuredapitesting.tests.booking.tests.PostBookingTest" time="0.763"/>
  <testcase name="criaMaisDeUmaReserva" classname="br.com.restassuredapitesting.tests.booking.tests.PostBookingTest" time="1.562"/>
  <testcase name="criaNovaReservaMaisParametros" classname="br.com.restassuredapitesting.tests.booking.tests.PostBookingTest" time="0.801"/>
  <testcase name="criaNovaReservaAcceptInvalid" classname="br.com.restassuredapitesting.tests.booking.tests.PostBookingTest" time="0.767"/>
  <testcase name="validarAlteraçãoDeUmaReservaNaoExiste" classname="br.com.restassuredapitesting.tests.booking.tests.PutBookingTest" time="1.535"/>
  <testcase name="validarAlteraçãoDeUmaReservaTokenInvalido" classname="br.com.restassuredapitesting.tests.booking.tests.PutBookingTest" time="1.515"/>
  <testcase name="validarAlteraçãoDeUmaReservaUtilizandoToken" classname="br.com.restassuredapitesting.tests.booking.tests.PutBookingTest" time="2.35"/>
  <testcase name="validarAlteraçãoDeUmaReservaUtilizandoBasicAuth" classname="br.com.restassuredapitesting.tests.booking.tests.PutBookingTest" time="1.545"/>
  <testcase name="validarAlteraçãoDeUmaReservaSemToken" classname="br.com.restassuredapitesting.tests.booking.tests.PutBookingTest" time="1.564"/>
  <testcase name="validarExclusaoDeUmaReservaSemAutorizacao" classname="br.com.restassuredapitesting.tests.booking.tests.DeleteBookingTest" time="1.624"/>
  <testcase name="validarExclusaoDeUmaReservaInexistenteUtilizandoToken" classname="br.com.restassuredapitesting.tests.booking.tests.DeleteBookingTest" time="1.542"/>
  <testcase name="validarExclusaoDeUmaReservaUtilizandoToken" classname="br.com.restassuredapitesting.tests.booking.tests.DeleteBookingTest" time="2.327"/>
</testsuite>